COMMAND:
 /data/chodera/schrodinger/schrodinger2017-2-advanced/epik-v4.0/bin/Linux-x86_64/epik_app -imae SM18.mae -omae SM18.epik.7.4.mae -scan -ph 7.4 -highest_pka 12.0 -lowest_pka 2.0
SCHRODINGER: /data/chodera/schrodinger/schrodinger2017-2-advanced

Running Epik version     4.0013
Epik. Copyright Schrodinger, LLC. All rights reserved.

Input file name:                        SM18.mae
Output file name:                       SM18.epik.7.4.mae
Scan of protonation states requested.
  atom will be labeled using pKa values from sequential ionizations.
Structure adjustment calculation requested.
  Target pH set to 7.400
Highest pKa set to: 1.200000e+01
Lowest pKa set to: 2.000000e+00

Scanning protonation states starting from most important form for pH 7.400000e+00
Solvent model name:                     water
Jobcontrol is not being used for this specific Epik calculation.
---------------------------
Processing Input Structure #1
        Title: SM18
. . . . . . . . . . . . . . . . . . . . . . .
    pKa  type            base   Description
                        atom #
   2.47  conjugate base   18   2-amido oxazole/thiazole second protonation ring
   9.38  conjugate acid    9   4-Pyrimidone N3 ions
  10.77  conjugate acid   16   amide with thiazole or oxazole
---------------------------
